# JRE version: OpenJDK Runtime Environment (21.0.3) (build 21.0.3+-12282718-b509.11)
# Java VM: OpenJDK 64-Bit Server VM (21.0.3+-12282718-b509.11, mixed mode, tiered, compressed oops, compressed class ptrs, g1 gc, windows-amd64)
GC Precious Log:
 CardTable entry size: 512
 Card Set container configuration: InlinePtr #cards 5 size 8 Array Of Cards #cards 12 size 40 Howl #buckets 4 coarsen threshold 1843 Howl Bitmap #cards 512 size 80 coarsen threshold 460 Card regions per heap region 1 cards per card region 2048
 CPUs: 8 total, 8 available
 Memory: 7952M
 Large Page Support: Disabled
 NUMA Support: Disabled
 Compressed Oops: Enabled (32-bit)
 Heap Region Size: 1M
 Heap Min Capacity: 8M
 Heap Initial Capacity: 126M
 Heap Max Capacity: 2G
 Pre-touch: Disabled
 Parallel Workers: 8
 Concurrent Workers: 2
 Concurrent Refinement Workers: 8
 Periodic GC: Disabled
Heap:
 garbage-first heap   total 346112K, used 238682K [0x0000000080000000, 0x0000000100000000)
  region size 1024K, 55 young (56320K), 3 survivors (3072K)
 Metaspace       used 170155K, committed 174656K, reserved 1245184K
  class space    used 22598K, committed 24448K, reserved 1048576K
GC Heap History (20 events):
Event: 680.527 GC heap before
{Heap before GC invocations=62 (full 0):
 garbage-first heap   total 337920K, used 318782K [0x0000000080000000, 0x0000000100000000)
  region size 1024K, 160 young (163840K), 13 survivors (13312K)
 Metaspace       used 170491K, committed 172864K, reserved 1245184K
  class space    used 23204K, committed 24384K, reserved 1048576K
}
Event: 680.563 GC heap after
{Heap after GC invocations=63 (full 0):
 garbage-first heap   total 337920K, used 157443K [0x0000000080000000, 0x0000000100000000)
  region size 1024K, 13 young (13312K), 13 survivors (13312K)
 Metaspace       used 170491K, committed 172864K, reserved 1245184K
  class space    used 23204K, committed 24384K, reserved 1048576K
}
Event: 798.190 GC heap before
{Heap before GC invocations=63 (full 0):
 garbage-first heap   total 337920K, used 318211K [0x0000000080000000, 0x0000000100000000)
  region size 1024K, 158 young (161792K), 13 survivors (13312K)
 Metaspace       used 170874K, committed 173248K, reserved 1245184K
  class space    used 23205K, committed 24384K, reserved 1048576K
}
Event: 798.212 GC heap after
{Heap after GC invocations=64 (full 0):
 garbage-first heap   total 337920K, used 153229K [0x0000000080000000, 0x0000000100000000)
  region size 1024K, 3 young (3072K), 3 survivors (3072K)
 Metaspace       used 170874K, committed 173248K, reserved 1245184K
  class space    used 23205K, committed 24384K, reserved 1048576K
}
Event: 1441.876 GC heap before
{Heap before GC invocations=64 (full 0):
 garbage-first heap   total 337920K, used 315021K [0x0000000080000000, 0x0000000100000000)
  region size 1024K, 161 young (164864K), 3 survivors (3072K)
 Metaspace       used 171206K, committed 173632K, reserved 1245184K
  class space    used 23210K, committed 24448K, reserved 1048576K
}
Event: 1441.905 GC heap after
{Heap after GC invocations=65 (full 0):
 garbage-first heap   total 337920K, used 156882K [0x0000000080000000, 0x0000000100000000)
  region size 1024K, 7 young (7168K), 7 survivors (7168K)
 Metaspace       used 171206K, committed 173632K, reserved 1245184K
  class space    used 23210K, committed 24448K, reserved 1048576K
}
Event: 1572.937 GC heap before
{Heap before GC invocations=66 (full 0):
 garbage-first heap   total 337920K, used 310482K [0x0000000080000000, 0x0000000100000000)
  region size 1024K, 158 young (161792K), 7 survivors (7168K)
 Metaspace       used 171456K, committed 173888K, reserved 1245184K
  class space    used 23214K, committed 24448K, reserved 1048576K
}
Event: 1572.952 GC heap after
{Heap after GC invocations=67 (full 0):
 garbage-first heap   total 337920K, used 162528K [0x0000000080000000, 0x0000000100000000)
  region size 1024K, 12 young (12288K), 12 survivors (12288K)
 Metaspace       used 171456K, committed 173888K, reserved 1245184K
  class space    used 23214K, committed 24448K, reserved 1048576K
}
Event: 2851.476 GC heap before
{Heap before GC invocations=67 (full 0):
 garbage-first heap   total 337920K, used 305888K [0x0000000080000000, 0x0000000100000000)
  region size 1024K, 153 young (156672K), 12 survivors (12288K)
 Metaspace       used 171727K, committed 174144K, reserved 1245184K
  class space    used 23220K, committed 24448K, reserved 1048576K
}
Event: 2851.860 GC heap after
{Heap after GC invocations=68 (full 0):
 garbage-first heap   total 337920K, used 156781K [0x0000000080000000, 0x0000000100000000)
  region size 1024K, 2 young (2048K), 2 survivors (2048K)
 Metaspace       used 171727K, committed 174144K, reserved 1245184K
  class space    used 23220K, committed 24448K, reserved 1048576K
}
Event: 3579.211 GC heap before
{Heap before GC invocations=68 (full 0):
 garbage-first heap   total 337920K, used 304237K [0x0000000080000000, 0x0000000100000000)
  region size 1024K, 148 young (151552K), 2 survivors (2048K)
 Metaspace       used 172107K, committed 174592K, reserved 1245184K
  class space    used 23224K, committed 24448K, reserved 1048576K
}
Event: 3579.250 GC heap after
{Heap after GC invocations=69 (full 0):
 garbage-first heap   total 337920K, used 167331K [0x0000000080000000, 0x0000000100000000)
  region size 1024K, 12 young (12288K), 12 survivors (12288K)
 Metaspace       used 172107K, committed 174592K, reserved 1245184K
  class space    used 23224K, committed 24448K, reserved 1048576K
}
Event: 5429.017 GC heap before
{Heap before GC invocations=70 (full 0):
 garbage-first heap   total 337920K, used 313763K [0x0000000080000000, 0x0000000100000000)
  region size 1024K, 149 young (152576K), 12 survivors (12288K)
 Metaspace       used 169574K, committed 174592K, reserved 1245184K
  class space    used 22575K, committed 24448K, reserved 1048576K
}
Event: 5429.142 GC heap after
{Heap after GC invocations=71 (full 0):
 garbage-first heap   total 337920K, used 171460K [0x0000000080000000, 0x0000000100000000)
  region size 1024K, 12 young (12288K), 12 survivors (12288K)
 Metaspace       used 169574K, committed 174592K, reserved 1245184K
  class space    used 22575K, committed 24448K, reserved 1048576K
}
Event: 5492.937 GC heap before
{Heap before GC invocations=71 (full 0):
 garbage-first heap   total 337920K, used 319940K [0x0000000080000000, 0x0000000100000000)
  region size 1024K, 145 young (148480K), 12 survivors (12288K)
 Metaspace       used 169824K, committed 174656K, reserved 1245184K
  class space    used 22580K, committed 24448K, reserved 1048576K
}
Event: 5492.968 GC heap after
{Heap after GC invocations=72 (full 0):
 garbage-first heap   total 346112K, used 179364K [0x0000000080000000, 0x0000000100000000)
  region size 1024K, 12 young (12288K), 12 survivors (12288K)
 Metaspace       used 169824K, committed 174656K, reserved 1245184K
  class space    used 22580K, committed 24448K, reserved 1048576K
}
Event: 6168.092 GC heap before
{Heap before GC invocations=72 (full 0):
 garbage-first heap   total 346112K, used 313508K [0x0000000080000000, 0x0000000100000000)
  region size 1024K, 144 young (147456K), 12 survivors (12288K)
 Metaspace       used 169991K, committed 174656K, reserved 1245184K
  class space    used 22588K, committed 24448K, reserved 1048576K
}
Event: 6168.301 GC heap after
{Heap after GC invocations=73 (full 0):
 garbage-first heap   total 346112K, used 188681K [0x0000000080000000, 0x0000000100000000)
  region size 1024K, 13 young (13312K), 13 survivors (13312K)
 Metaspace       used 169991K, committed 174656K, reserved 1245184K
  class space    used 22588K, committed 24448K, reserved 1048576K
}
Event: 6182.987 GC heap before
{Heap before GC invocations=73 (full 0):
 garbage-first heap   total 346112K, used 232713K [0x0000000080000000, 0x0000000100000000)
  region size 1024K, 44 young (45056K), 13 survivors (13312K)
 Metaspace       used 170064K, committed 174656K, reserved 1245184K
  class space    used 22588K, committed 24448K, reserved 1048576K
}
Event: 6183.042 GC heap after
{Heap after GC invocations=74 (full 0):
 garbage-first heap   total 346112K, used 187482K [0x0000000080000000, 0x0000000100000000)
  region size 1024K, 3 young (3072K), 3 survivors (3072K)
 Metaspace       used 170064K, committed 174656K, reserved 1245184K
  class space    used 22588K, committed 24448K, reserved 1048576K
}

