# JRE version: OpenJDK Runtime Environment (21.0.3) (build 21.0.3+-12282718-b509.11)
# Java VM: OpenJDK 64-Bit Server VM (21.0.3+-12282718-b509.11, mixed mode, tiered, compressed oops, compressed class ptrs, g1 gc, windows-amd64)
GC Precious Log:
 CardTable entry size: 512
 Card Set container configuration: InlinePtr #cards 5 size 8 Array Of Cards #cards 12 size 40 Howl #buckets 4 coarsen threshold 1843 Howl Bitmap #cards 512 size 80 coarsen threshold 460 Card regions per heap region 1 cards per card region 2048
 CPUs: 8 total, 8 available
 Memory: 7952M
 Large Page Support: Disabled
 NUMA Support: Disabled
 Compressed Oops: Enabled (32-bit)
 Heap Region Size: 1M
 Heap Min Capacity: 8M
 Heap Initial Capacity: 126M
 Heap Max Capacity: 2G
 Pre-touch: Disabled
 Parallel Workers: 8
 Concurrent Workers: 2
 Concurrent Refinement Workers: 8
 Periodic GC: Disabled
Heap:
 garbage-first heap   total 173056K, used 124672K [0x0000000080000000, 0x0000000100000000)
  region size 1024K, 29 young (29696K), 8 survivors (8192K)
 Metaspace       used 107270K, committed 109376K, reserved 1179648K
  class space    used 14863K, committed 15936K, reserved 1048576K
GC Heap History (20 events):
Event: 8.407 GC heap before
{Heap before GC invocations=20 (full 0):
 garbage-first heap   total 132096K, used 87650K [0x0000000080000000, 0x0000000100000000)
  region size 1024K, 17 young (17408K), 2 survivors (2048K)
 Metaspace       used 76707K, committed 78528K, reserved 1179648K
  class space    used 10447K, committed 11328K, reserved 1048576K
}
Event: 8.410 GC heap after
{Heap after GC invocations=21 (full 0):
 garbage-first heap   total 158720K, used 74903K [0x0000000080000000, 0x0000000100000000)
  region size 1024K, 4 young (4096K), 4 survivors (4096K)
 Metaspace       used 76707K, committed 78528K, reserved 1179648K
  class space    used 10447K, committed 11328K, reserved 1048576K
}
Event: 8.418 GC heap before
{Heap before GC invocations=21 (full 0):
 garbage-first heap   total 158720K, used 80023K [0x0000000080000000, 0x0000000100000000)
  region size 1024K, 9 young (9216K), 4 survivors (4096K)
 Metaspace       used 76707K, committed 78528K, reserved 1179648K
  class space    used 10447K, committed 11328K, reserved 1048576K
}
Event: 8.422 GC heap after
{Heap after GC invocations=22 (full 0):
 garbage-first heap   total 158720K, used 78167K [0x0000000080000000, 0x0000000100000000)
  region size 1024K, 6 young (6144K), 6 survivors (6144K)
 Metaspace       used 76707K, committed 78528K, reserved 1179648K
  class space    used 10447K, committed 11328K, reserved 1048576K
}
Event: 8.900 GC heap before
{Heap before GC invocations=23 (full 0):
 garbage-first heap   total 158720K, used 126295K [0x0000000080000000, 0x0000000100000000)
  region size 1024K, 49 young (50176K), 6 survivors (6144K)
 Metaspace       used 79503K, committed 81344K, reserved 1179648K
  class space    used 10831K, committed 11776K, reserved 1048576K
}
Event: 8.904 GC heap after
{Heap after GC invocations=24 (full 0):
 garbage-first heap   total 158720K, used 79944K [0x0000000080000000, 0x0000000100000000)
  region size 1024K, 5 young (5120K), 5 survivors (5120K)
 Metaspace       used 79503K, committed 81344K, reserved 1179648K
  class space    used 10831K, committed 11776K, reserved 1048576K
}
Event: 9.448 GC heap before
{Heap before GC invocations=24 (full 0):
 garbage-first heap   total 158720K, used 131144K [0x0000000080000000, 0x0000000100000000)
  region size 1024K, 51 young (52224K), 5 survivors (5120K)
 Metaspace       used 84211K, committed 86080K, reserved 1179648K
  class space    used 11443K, committed 12416K, reserved 1048576K
}
Event: 9.453 GC heap after
{Heap after GC invocations=25 (full 0):
 garbage-first heap   total 158720K, used 86486K [0x0000000080000000, 0x0000000100000000)
  region size 1024K, 6 young (6144K), 6 survivors (6144K)
 Metaspace       used 84211K, committed 86080K, reserved 1179648K
  class space    used 11443K, committed 12416K, reserved 1048576K
}
Event: 9.866 GC heap before
{Heap before GC invocations=25 (full 0):
 garbage-first heap   total 158720K, used 132566K [0x0000000080000000, 0x0000000100000000)
  region size 1024K, 51 young (52224K), 6 survivors (6144K)
 Metaspace       used 87366K, committed 89216K, reserved 1179648K
  class space    used 11846K, committed 12800K, reserved 1048576K
}
Event: 9.874 GC heap after
{Heap after GC invocations=26 (full 0):
 garbage-first heap   total 158720K, used 90966K [0x0000000080000000, 0x0000000100000000)
  region size 1024K, 7 young (7168K), 7 survivors (7168K)
 Metaspace       used 87366K, committed 89216K, reserved 1179648K
  class space    used 11846K, committed 12800K, reserved 1048576K
}
Event: 10.357 GC heap before
{Heap before GC invocations=27 (full 0):
 garbage-first heap   total 173056K, used 134998K [0x0000000080000000, 0x0000000100000000)
  region size 1024K, 51 young (52224K), 7 survivors (7168K)
 Metaspace       used 89063K, committed 90944K, reserved 1179648K
  class space    used 12065K, committed 13056K, reserved 1048576K
}
Event: 10.365 GC heap after
{Heap after GC invocations=28 (full 0):
 garbage-first heap   total 173056K, used 94388K [0x0000000080000000, 0x0000000100000000)
  region size 1024K, 5 young (5120K), 5 survivors (5120K)
 Metaspace       used 89063K, committed 90944K, reserved 1179648K
  class space    used 12065K, committed 13056K, reserved 1048576K
}
Event: 11.135 GC heap before
{Heap before GC invocations=28 (full 0):
 garbage-first heap   total 173056K, used 147636K [0x0000000080000000, 0x0000000100000000)
  region size 1024K, 57 young (58368K), 5 survivors (5120K)
 Metaspace       used 93225K, committed 95104K, reserved 1179648K
  class space    used 12789K, committed 13760K, reserved 1048576K
}
Event: 11.140 GC heap after
{Heap after GC invocations=29 (full 0):
 garbage-first heap   total 173056K, used 95334K [0x0000000080000000, 0x0000000100000000)
  region size 1024K, 6 young (6144K), 6 survivors (6144K)
 Metaspace       used 93225K, committed 95104K, reserved 1179648K
  class space    used 12789K, committed 13760K, reserved 1048576K
}
Event: 11.795 GC heap before
{Heap before GC invocations=29 (full 0):
 garbage-first heap   total 173056K, used 150630K [0x0000000080000000, 0x0000000100000000)
  region size 1024K, 60 young (61440K), 6 survivors (6144K)
 Metaspace       used 97300K, committed 99328K, reserved 1179648K
  class space    used 13387K, committed 14400K, reserved 1048576K
}
Event: 11.801 GC heap after
{Heap after GC invocations=30 (full 0):
 garbage-first heap   total 173056K, used 98006K [0x0000000080000000, 0x0000000100000000)
  region size 1024K, 5 young (5120K), 5 survivors (5120K)
 Metaspace       used 97300K, committed 99328K, reserved 1179648K
  class space    used 13387K, committed 14400K, reserved 1048576K
}
Event: 12.523 GC heap before
{Heap before GC invocations=31 (full 0):
 garbage-first heap   total 173056K, used 153302K [0x0000000080000000, 0x0000000100000000)
  region size 1024K, 59 young (60416K), 5 survivors (5120K)
 Metaspace       used 101203K, committed 103296K, reserved 1179648K
  class space    used 13989K, committed 15040K, reserved 1048576K
}
Event: 12.531 GC heap after
{Heap after GC invocations=32 (full 0):
 garbage-first heap   total 173056K, used 102168K [0x0000000080000000, 0x0000000100000000)
  region size 1024K, 7 young (7168K), 7 survivors (7168K)
 Metaspace       used 101203K, committed 103296K, reserved 1179648K
  class space    used 13989K, committed 15040K, reserved 1048576K
}
Event: 13.186 GC heap before
{Heap before GC invocations=32 (full 0):
 garbage-first heap   total 173056K, used 156440K [0x0000000080000000, 0x0000000100000000)
  region size 1024K, 60 young (61440K), 7 survivors (7168K)
 Metaspace       used 105748K, committed 107840K, reserved 1179648K
  class space    used 14606K, committed 15680K, reserved 1048576K
}
Event: 13.194 GC heap after
{Heap after GC invocations=33 (full 0):
 garbage-first heap   total 173056K, used 104192K [0x0000000080000000, 0x0000000100000000)
  region size 1024K, 8 young (8192K), 8 survivors (8192K)
 Metaspace       used 105748K, committed 107840K, reserved 1179648K
  class space    used 14606K, committed 15680K, reserved 1048576K
}

