# JRE version: OpenJDK Runtime Environment (21.0.3) (build 21.0.3+-12282718-b509.11)
# Java VM: OpenJDK 64-Bit Server VM (21.0.3+-12282718-b509.11, mixed mode, tiered, compressed oops, compressed class ptrs, g1 gc, windows-amd64)
GC Precious Log:
 CardTable entry size: 512
 Card Set container configuration: InlinePtr #cards 5 size 8 Array Of Cards #cards 12 size 40 Howl #buckets 4 coarsen threshold 1843 Howl Bitmap #cards 512 size 80 coarsen threshold 460 Card regions per heap region 1 cards per card region 2048
 CPUs: 8 total, 8 available
 Memory: 7952M
 Large Page Support: Disabled
 NUMA Support: Disabled
 Compressed Oops: Enabled (32-bit)
 Heap Region Size: 1M
 Heap Min Capacity: 8M
 Heap Initial Capacity: 126M
 Heap Max Capacity: 2G
 Pre-touch: Disabled
 Parallel Workers: 8
 Concurrent Workers: 2
 Concurrent Refinement Workers: 8
 Periodic GC: Disabled
Heap:
 garbage-first heap   total 150528K, used 125446K [0x0000000080000000, 0x0000000100000000)
  region size 1024K, 44 young (45056K), 7 survivors (7168K)
 Metaspace       used 88007K, committed 89856K, reserved 1179648K
  class space    used 11928K, committed 12864K, reserved 1048576K
GC Heap History (20 events):
Event: 8.139 GC heap before
{Heap before GC invocations=14 (full 0):
 garbage-first heap   total 108544K, used 93025K [0x0000000080000000, 0x0000000100000000)
  region size 1024K, 57 young (58368K), 8 survivors (8192K)
 Metaspace       used 65825K, committed 67456K, reserved 1114112K
  class space    used 9072K, committed 9856K, reserved 1048576K
}
Event: 8.148 GC heap after
{Heap after GC invocations=15 (full 0):
 garbage-first heap   total 108544K, used 47196K [0x0000000080000000, 0x0000000100000000)
  region size 1024K, 5 young (5120K), 5 survivors (5120K)
 Metaspace       used 65825K, committed 67456K, reserved 1114112K
  class space    used 9072K, committed 9856K, reserved 1048576K
}
Event: 8.539 GC heap before
{Heap before GC invocations=15 (full 0):
 garbage-first heap   total 108544K, used 94300K [0x0000000080000000, 0x0000000100000000)
  region size 1024K, 52 young (53248K), 5 survivors (5120K)
 Metaspace       used 66103K, committed 67712K, reserved 1114112K
  class space    used 9072K, committed 9856K, reserved 1048576K
}
Event: 8.543 GC heap after
{Heap after GC invocations=16 (full 0):
 garbage-first heap   total 108544K, used 48375K [0x0000000080000000, 0x0000000100000000)
  region size 1024K, 4 young (4096K), 4 survivors (4096K)
 Metaspace       used 66103K, committed 67712K, reserved 1114112K
  class space    used 9072K, committed 9856K, reserved 1048576K
}
Event: 8.774 GC heap before
{Heap before GC invocations=16 (full 0):
 garbage-first heap   total 108544K, used 94455K [0x0000000080000000, 0x0000000100000000)
  region size 1024K, 50 young (51200K), 4 survivors (4096K)
 Metaspace       used 66127K, committed 67712K, reserved 1114112K
  class space    used 9073K, committed 9856K, reserved 1048576K
}
Event: 8.780 GC heap after
{Heap after GC invocations=17 (full 0):
 garbage-first heap   total 108544K, used 49421K [0x0000000080000000, 0x0000000100000000)
  region size 1024K, 5 young (5120K), 5 survivors (5120K)
 Metaspace       used 66127K, committed 67712K, reserved 1114112K
  class space    used 9073K, committed 9856K, reserved 1048576K
}
Event: 9.366 GC heap before
{Heap before GC invocations=18 (full 0):
 garbage-first heap   total 108544K, used 106765K [0x0000000080000000, 0x0000000100000000)
  region size 1024K, 48 young (49152K), 5 survivors (5120K)
 Metaspace       used 66861K, committed 68480K, reserved 1114112K
  class space    used 9195K, committed 9984K, reserved 1048576K
}
Event: 9.373 GC heap after
{Heap after GC invocations=19 (full 0):
 garbage-first heap   total 120832K, used 69679K [0x0000000080000000, 0x0000000100000000)
  region size 1024K, 7 young (7168K), 7 survivors (7168K)
 Metaspace       used 66861K, committed 68480K, reserved 1114112K
  class space    used 9195K, committed 9984K, reserved 1048576K
}
Event: 9.831 GC heap before
{Heap before GC invocations=19 (full 0):
 garbage-first heap   total 120832K, used 104495K [0x0000000080000000, 0x0000000100000000)
  region size 1024K, 41 young (41984K), 7 survivors (7168K)
 Metaspace       used 69706K, committed 71360K, reserved 1114112K
  class space    used 9566K, committed 10368K, reserved 1048576K
}
Event: 9.837 GC heap after
{Heap after GC invocations=20 (full 0):
 garbage-first heap   total 120832K, used 71680K [0x0000000080000000, 0x0000000100000000)
  region size 1024K, 2 young (2048K), 2 survivors (2048K)
 Metaspace       used 69706K, committed 71360K, reserved 1114112K
  class space    used 9566K, committed 10368K, reserved 1048576K
}
Event: 10.296 GC heap before
{Heap before GC invocations=20 (full 0):
 garbage-first heap   total 120832K, used 106496K [0x0000000080000000, 0x0000000100000000)
  region size 1024K, 37 young (37888K), 2 survivors (2048K)
 Metaspace       used 73427K, committed 75136K, reserved 1114112K
  class space    used 9968K, committed 10816K, reserved 1048576K
}
Event: 10.299 GC heap after
{Heap after GC invocations=21 (full 0):
 garbage-first heap   total 120832K, used 72704K [0x0000000080000000, 0x0000000100000000)
  region size 1024K, 3 young (3072K), 3 survivors (3072K)
 Metaspace       used 73427K, committed 75136K, reserved 1114112K
  class space    used 9968K, committed 10816K, reserved 1048576K
}
Event: 10.718 GC heap before
{Heap before GC invocations=22 (full 0):
 garbage-first heap   total 124928K, used 114688K [0x0000000080000000, 0x0000000100000000)
  region size 1024K, 39 young (39936K), 3 survivors (3072K)
 Metaspace       used 76853K, committed 78656K, reserved 1179648K
  class space    used 10492K, committed 11392K, reserved 1048576K
}
Event: 10.722 GC heap after
{Heap after GC invocations=23 (full 0):
 garbage-first heap   total 124928K, used 78076K [0x0000000080000000, 0x0000000100000000)
  region size 1024K, 5 young (5120K), 5 survivors (5120K)
 Metaspace       used 76853K, committed 78656K, reserved 1179648K
  class space    used 10492K, committed 11392K, reserved 1048576K
}
Event: 11.079 GC heap before
{Heap before GC invocations=23 (full 0):
 garbage-first heap   total 124928K, used 111868K [0x0000000080000000, 0x0000000100000000)
  region size 1024K, 38 young (38912K), 5 survivors (5120K)
 Metaspace       used 79462K, committed 81280K, reserved 1179648K
  class space    used 10831K, committed 11712K, reserved 1048576K
}
Event: 11.084 GC heap after
{Heap after GC invocations=24 (full 0):
 garbage-first heap   total 150528K, used 79422K [0x0000000080000000, 0x0000000100000000)
  region size 1024K, 5 young (5120K), 5 survivors (5120K)
 Metaspace       used 79462K, committed 81280K, reserved 1179648K
  class space    used 10831K, committed 11712K, reserved 1048576K
}
Event: 11.651 GC heap before
{Heap before GC invocations=24 (full 0):
 garbage-first heap   total 150528K, used 113214K [0x0000000080000000, 0x0000000100000000)
  region size 1024K, 40 young (40960K), 5 survivors (5120K)
 Metaspace       used 83095K, committed 84928K, reserved 1179648K
  class space    used 11303K, committed 12224K, reserved 1048576K
}
Event: 11.656 GC heap after
{Heap after GC invocations=25 (full 0):
 garbage-first heap   total 150528K, used 81236K [0x0000000080000000, 0x0000000100000000)
  region size 1024K, 7 young (7168K), 7 survivors (7168K)
 Metaspace       used 83095K, committed 84928K, reserved 1179648K
  class space    used 11303K, committed 12224K, reserved 1048576K
}
Event: 12.289 GC heap before
{Heap before GC invocations=26 (full 0):
 garbage-first heap   total 150528K, used 137556K [0x0000000080000000, 0x0000000100000000)
  region size 1024K, 58 young (59392K), 7 survivors (7168K)
 Metaspace       used 87277K, committed 89152K, reserved 1179648K
  class space    used 11840K, committed 12800K, reserved 1048576K
}
Event: 12.295 GC heap after
{Heap after GC invocations=27 (full 0):
 garbage-first heap   total 150528K, used 88582K [0x0000000080000000, 0x0000000100000000)
  region size 1024K, 7 young (7168K), 7 survivors (7168K)
 Metaspace       used 87277K, committed 89152K, reserved 1179648K
  class space    used 11840K, committed 12800K, reserved 1048576K
}

