# JRE version: OpenJDK Runtime Environment (21.0.3) (build 21.0.3+-12282718-b509.11)
# Java VM: OpenJDK 64-Bit Server VM (21.0.3+-12282718-b509.11, mixed mode, tiered, compressed oops, compressed class ptrs, g1 gc, windows-amd64)
GC Precious Log:
 CardTable entry size: 512
 Card Set container configuration: InlinePtr #cards 5 size 8 Array Of Cards #cards 12 size 40 Howl #buckets 4 coarsen threshold 1843 Howl Bitmap #cards 512 size 80 coarsen threshold 460 Card regions per heap region 1 cards per card region 2048
 CPUs: 8 total, 8 available
 Memory: 7952M
 Large Page Support: Disabled
 NUMA Support: Disabled
 Compressed Oops: Enabled (32-bit)
 Heap Region Size: 1M
 Heap Min Capacity: 8M
 Heap Initial Capacity: 126M
 Heap Max Capacity: 1990M
 Pre-touch: Disabled
 Parallel Workers: 8
 Concurrent Workers: 2
 Concurrent Refinement Workers: 8
 Periodic GC: Disabled
Heap:
 garbage-first heap   total 112640K, used 68930K [0x0000000083a00000, 0x0000000100000000)
  region size 1024K, 7 young (7168K), 4 survivors (4096K)
 Metaspace       used 83915K, committed 84672K, reserved 1179648K
  class space    used 9165K, committed 9536K, reserved 1048576K
GC Heap History (20 events):
Event: 5.805 GC heap before
{Heap before GC invocations=17 (full 0):
 garbage-first heap   total 56320K, used 48500K [0x0000000083a00000, 0x0000000100000000)
  region size 1024K, 16 young (16384K), 3 survivors (3072K)
 Metaspace       used 54032K, committed 54784K, reserved 1114112K
  class space    used 6358K, committed 6720K, reserved 1048576K
}
Event: 5.819 GC heap after
{Heap after GC invocations=18 (full 0):
 garbage-first heap   total 76800K, used 37888K [0x0000000083a00000, 0x0000000100000000)
  region size 1024K, 2 young (2048K), 2 survivors (2048K)
 Metaspace       used 54032K, committed 54784K, reserved 1114112K
  class space    used 6358K, committed 6720K, reserved 1048576K
}
Event: 6.239 GC heap before
{Heap before GC invocations=19 (full 0):
 garbage-first heap   total 76800K, used 64512K [0x0000000083a00000, 0x0000000100000000)
  region size 1024K, 28 young (28672K), 2 survivors (2048K)
 Metaspace       used 54387K, committed 55168K, reserved 1114112K
  class space    used 6380K, committed 6784K, reserved 1048576K
}
Event: 6.254 GC heap after
{Heap after GC invocations=20 (full 0):
 garbage-first heap   total 76800K, used 41937K [0x0000000083a00000, 0x0000000100000000)
  region size 1024K, 4 young (4096K), 4 survivors (4096K)
 Metaspace       used 54387K, committed 55168K, reserved 1114112K
  class space    used 6380K, committed 6784K, reserved 1048576K
}
Event: 6.983 GC heap before
{Heap before GC invocations=20 (full 0):
 garbage-first heap   total 76800K, used 65489K [0x0000000083a00000, 0x0000000100000000)
  region size 1024K, 27 young (27648K), 4 survivors (4096K)
 Metaspace       used 58838K, committed 59584K, reserved 1114112K
  class space    used 6976K, committed 7360K, reserved 1048576K
}
Event: 6.998 GC heap after
{Heap after GC invocations=21 (full 0):
 garbage-first heap   total 76800K, used 45056K [0x0000000083a00000, 0x0000000100000000)
  region size 1024K, 3 young (3072K), 3 survivors (3072K)
 Metaspace       used 58838K, committed 59584K, reserved 1114112K
  class space    used 6976K, committed 7360K, reserved 1048576K
}
Event: 7.731 GC heap before
{Heap before GC invocations=21 (full 0):
 garbage-first heap   total 76800K, used 67584K [0x0000000083a00000, 0x0000000100000000)
  region size 1024K, 25 young (25600K), 3 survivors (3072K)
 Metaspace       used 60837K, committed 61568K, reserved 1114112K
  class space    used 7184K, committed 7552K, reserved 1048576K
}
Event: 7.745 GC heap after
{Heap after GC invocations=22 (full 0):
 garbage-first heap   total 76800K, used 49152K [0x0000000083a00000, 0x0000000100000000)
  region size 1024K, 4 young (4096K), 4 survivors (4096K)
 Metaspace       used 60837K, committed 61568K, reserved 1114112K
  class space    used 7184K, committed 7552K, reserved 1048576K
}
Event: 8.373 GC heap before
{Heap before GC invocations=23 (full 0):
 garbage-first heap   total 89088K, used 67584K [0x0000000083a00000, 0x0000000100000000)
  region size 1024K, 22 young (22528K), 4 survivors (4096K)
 Metaspace       used 61799K, committed 62592K, reserved 1114112K
  class space    used 7239K, committed 7616K, reserved 1048576K
}
Event: 8.393 GC heap after
{Heap after GC invocations=24 (full 0):
 garbage-first heap   total 89088K, used 51812K [0x0000000083a00000, 0x0000000100000000)
  region size 1024K, 3 young (3072K), 3 survivors (3072K)
 Metaspace       used 61799K, committed 62592K, reserved 1114112K
  class space    used 7239K, committed 7616K, reserved 1048576K
}
Event: 9.599 GC heap before
{Heap before GC invocations=24 (full 0):
 garbage-first heap   total 89088K, used 77412K [0x0000000083a00000, 0x0000000100000000)
  region size 1024K, 28 young (28672K), 3 survivors (3072K)
 Metaspace       used 63534K, committed 64320K, reserved 1114112K
  class space    used 7303K, committed 7680K, reserved 1048576K
}
Event: 9.621 GC heap after
{Heap after GC invocations=25 (full 0):
 garbage-first heap   total 89088K, used 54818K [0x0000000083a00000, 0x0000000100000000)
  region size 1024K, 4 young (4096K), 4 survivors (4096K)
 Metaspace       used 63534K, committed 64320K, reserved 1114112K
  class space    used 7303K, committed 7680K, reserved 1048576K
}
Event: 10.126 GC heap before
{Heap before GC invocations=25 (full 0):
 garbage-first heap   total 89088K, used 77346K [0x0000000083a00000, 0x0000000100000000)
  region size 1024K, 27 young (27648K), 4 survivors (4096K)
 Metaspace       used 67383K, committed 68160K, reserved 1114112K
  class space    used 7645K, committed 8000K, reserved 1048576K
}
Event: 10.136 GC heap after
{Heap after GC invocations=26 (full 0):
 garbage-first heap   total 112640K, used 56352K [0x0000000083a00000, 0x0000000100000000)
  region size 1024K, 2 young (2048K), 2 survivors (2048K)
 Metaspace       used 67383K, committed 68160K, reserved 1114112K
  class space    used 7645K, committed 8000K, reserved 1048576K
}
Event: 11.062 GC heap before
{Heap before GC invocations=27 (full 0):
 garbage-first heap   total 112640K, used 95264K [0x0000000083a00000, 0x0000000100000000)
  region size 1024K, 41 young (41984K), 2 survivors (2048K)
 Metaspace       used 73842K, committed 74624K, reserved 1179648K
  class space    used 8271K, committed 8640K, reserved 1048576K
}
Event: 11.085 GC heap after
{Heap after GC invocations=28 (full 0):
 garbage-first heap   total 112640K, used 60516K [0x0000000083a00000, 0x0000000100000000)
  region size 1024K, 6 young (6144K), 6 survivors (6144K)
 Metaspace       used 73842K, committed 74624K, reserved 1179648K
  class space    used 8271K, committed 8640K, reserved 1048576K
}
Event: 11.810 GC heap before
{Heap before GC invocations=28 (full 0):
 garbage-first heap   total 112640K, used 97380K [0x0000000083a00000, 0x0000000100000000)
  region size 1024K, 42 young (43008K), 6 survivors (6144K)
 Metaspace       used 80305K, committed 81088K, reserved 1179648K
  class space    used 8890K, committed 9280K, reserved 1048576K
}
Event: 11.833 GC heap after
{Heap after GC invocations=29 (full 0):
 garbage-first heap   total 112640K, used 62808K [0x0000000083a00000, 0x0000000100000000)
  region size 1024K, 3 young (3072K), 3 survivors (3072K)
 Metaspace       used 80305K, committed 81088K, reserved 1179648K
  class space    used 8890K, committed 9280K, reserved 1048576K
}
Event: 12.344 GC heap before
{Heap before GC invocations=29 (full 0):
 garbage-first heap   total 112640K, used 98648K [0x0000000083a00000, 0x0000000100000000)
  region size 1024K, 38 young (38912K), 3 survivors (3072K)
 Metaspace       used 83129K, committed 83904K, reserved 1179648K
  class space    used 9084K, committed 9472K, reserved 1048576K
}
Event: 12.359 GC heap after
{Heap after GC invocations=30 (full 0):
 garbage-first heap   total 112640K, used 66882K [0x0000000083a00000, 0x0000000100000000)
  region size 1024K, 4 young (4096K), 4 survivors (4096K)
 Metaspace       used 83129K, committed 83904K, reserved 1179648K
  class space    used 9084K, committed 9472K, reserved 1048576K
}

