# JRE version: OpenJDK Runtime Environment (21.0.3) (build 21.0.3+-12282718-b509.11)
# Java VM: OpenJDK 64-Bit Server VM (21.0.3+-12282718-b509.11, mixed mode, tiered, compressed oops, compressed class ptrs, g1 gc, windows-amd64)
GC Precious Log:
 CardTable entry size: 512
 Card Set container configuration: InlinePtr #cards 5 size 8 Array Of Cards #cards 12 size 40 Howl #buckets 4 coarsen threshold 1843 Howl Bitmap #cards 512 size 80 coarsen threshold 460 Card regions per heap region 1 cards per card region 2048
 CPUs: 8 total, 8 available
 Memory: 7952M
 Large Page Support: Disabled
 NUMA Support: Disabled
 Compressed Oops: Enabled (32-bit)
 Heap Region Size: 1M
 Heap Min Capacity: 8M
 Heap Initial Capacity: 126M
 Heap Max Capacity: 2G
 Pre-touch: Disabled
 Parallel Workers: 8
 Concurrent Workers: 2
 Concurrent Refinement Workers: 8
 Periodic GC: Disabled
Heap:
 garbage-first heap   total 217088K, used 145139K [0x0000000080000000, 0x0000000100000000)
  region size 1024K, 9 young (9216K), 6 survivors (6144K)
 Metaspace       used 135499K, committed 137792K, reserved 1179648K
  class space    used 19038K, committed 20224K, reserved 1048576K
GC Heap History (20 events):
Event: 18.093 GC heap before
{Heap before GC invocations=33 (full 0):
 garbage-first heap   total 168960K, used 153266K [0x0000000080000000, 0x0000000100000000)
  region size 1024K, 60 young (61440K), 6 survivors (6144K)
 Metaspace       used 102792K, committed 104896K, reserved 1179648K
  class space    used 14222K, committed 15296K, reserved 1048576K
}
Event: 18.100 GC heap after
{Heap after GC invocations=34 (full 0):
 garbage-first heap   total 168960K, used 100907K [0x0000000080000000, 0x0000000100000000)
  region size 1024K, 7 young (7168K), 7 survivors (7168K)
 Metaspace       used 102792K, committed 104896K, reserved 1179648K
  class space    used 14222K, committed 15296K, reserved 1048576K
}
Event: 18.809 GC heap before
{Heap before GC invocations=35 (full 0):
 garbage-first heap   total 178176K, used 151083K [0x0000000080000000, 0x0000000100000000)
  region size 1024K, 56 young (57344K), 7 survivors (7168K)
 Metaspace       used 106430K, committed 108544K, reserved 1179648K
  class space    used 14714K, committed 15744K, reserved 1048576K
}
Event: 18.817 GC heap after
{Heap after GC invocations=36 (full 0):
 garbage-first heap   total 178176K, used 105147K [0x0000000080000000, 0x0000000100000000)
  region size 1024K, 7 young (7168K), 7 survivors (7168K)
 Metaspace       used 106430K, committed 108544K, reserved 1179648K
  class space    used 14714K, committed 15744K, reserved 1048576K
}
Event: 19.498 GC heap before
{Heap before GC invocations=36 (full 0):
 garbage-first heap   total 178176K, used 160443K [0x0000000080000000, 0x0000000100000000)
  region size 1024K, 61 young (62464K), 7 survivors (7168K)
 Metaspace       used 108733K, committed 110848K, reserved 1179648K
  class space    used 15091K, committed 16128K, reserved 1048576K
}
Event: 19.514 GC heap after
{Heap after GC invocations=37 (full 0):
 garbage-first heap   total 178176K, used 109494K [0x0000000080000000, 0x0000000100000000)
  region size 1024K, 8 young (8192K), 8 survivors (8192K)
 Metaspace       used 108733K, committed 110848K, reserved 1179648K
  class space    used 15091K, committed 16128K, reserved 1048576K
}
Event: 19.999 GC heap before
{Heap before GC invocations=37 (full 0):
 garbage-first heap   total 178176K, used 158646K [0x0000000080000000, 0x0000000100000000)
  region size 1024K, 57 young (58368K), 8 survivors (8192K)
 Metaspace       used 109193K, committed 111296K, reserved 1179648K
  class space    used 15174K, committed 16256K, reserved 1048576K
}
Event: 20.012 GC heap after
{Heap after GC invocations=38 (full 0):
 garbage-first heap   total 178176K, used 114264K [0x0000000080000000, 0x0000000100000000)
  region size 1024K, 6 young (6144K), 6 survivors (6144K)
 Metaspace       used 109193K, committed 111296K, reserved 1179648K
  class space    used 15174K, committed 16256K, reserved 1048576K
}
Event: 20.464 GC heap before
{Heap before GC invocations=39 (full 0):
 garbage-first heap   total 217088K, used 157272K [0x0000000080000000, 0x0000000100000000)
  region size 1024K, 49 young (50176K), 6 survivors (6144K)
 Metaspace       used 109309K, committed 111424K, reserved 1179648K
  class space    used 15185K, committed 16256K, reserved 1048576K
}
Event: 20.473 GC heap after
{Heap after GC invocations=40 (full 0):
 garbage-first heap   total 217088K, used 116490K [0x0000000080000000, 0x0000000100000000)
  region size 1024K, 5 young (5120K), 5 survivors (5120K)
 Metaspace       used 109309K, committed 111424K, reserved 1179648K
  class space    used 15185K, committed 16256K, reserved 1048576K
}
Event: 21.428 GC heap before
{Heap before GC invocations=40 (full 0):
 garbage-first heap   total 217088K, used 195338K [0x0000000080000000, 0x0000000100000000)
  region size 1024K, 83 young (84992K), 5 survivors (5120K)
 Metaspace       used 111990K, committed 114112K, reserved 1179648K
  class space    used 15511K, committed 16576K, reserved 1048576K
}
Event: 21.436 GC heap after
{Heap after GC invocations=41 (full 0):
 garbage-first heap   total 217088K, used 118589K [0x0000000080000000, 0x0000000100000000)
  region size 1024K, 9 young (9216K), 9 survivors (9216K)
 Metaspace       used 111990K, committed 114112K, reserved 1179648K
  class space    used 15511K, committed 16576K, reserved 1048576K
}
Event: 26.435 GC heap before
{Heap before GC invocations=41 (full 0):
 garbage-first heap   total 217088K, used 194365K [0x0000000080000000, 0x0000000100000000)
  region size 1024K, 84 young (86016K), 9 survivors (9216K)
 Metaspace       used 113865K, committed 116032K, reserved 1179648K
  class space    used 15792K, committed 16896K, reserved 1048576K
}
Event: 26.445 GC heap after
{Heap after GC invocations=42 (full 0):
 garbage-first heap   total 217088K, used 120666K [0x0000000080000000, 0x0000000100000000)
  region size 1024K, 6 young (6144K), 6 survivors (6144K)
 Metaspace       used 113865K, committed 116032K, reserved 1179648K
  class space    used 15792K, committed 16896K, reserved 1048576K
}
Event: 27.828 GC heap before
{Heap before GC invocations=43 (full 0):
 garbage-first heap   total 217088K, used 201562K [0x0000000080000000, 0x0000000100000000)
  region size 1024K, 81 young (82944K), 6 survivors (6144K)
 Metaspace       used 120190K, committed 122432K, reserved 1179648K
  class space    used 16592K, committed 17728K, reserved 1048576K
}
Event: 27.839 GC heap after
{Heap after GC invocations=44 (full 0):
 garbage-first heap   total 217088K, used 126140K [0x0000000080000000, 0x0000000100000000)
  region size 1024K, 11 young (11264K), 11 survivors (11264K)
 Metaspace       used 120190K, committed 122432K, reserved 1179648K
  class space    used 16592K, committed 17728K, reserved 1048576K
}
Event: 28.783 GC heap before
{Heap before GC invocations=44 (full 0):
 garbage-first heap   total 217088K, used 191676K [0x0000000080000000, 0x0000000100000000)
  region size 1024K, 76 young (77824K), 11 survivors (11264K)
 Metaspace       used 129692K, committed 131904K, reserved 1179648K
  class space    used 18087K, committed 19200K, reserved 1048576K
}
Event: 28.793 GC heap after
{Heap after GC invocations=45 (full 0):
 garbage-first heap   total 217088K, used 126512K [0x0000000080000000, 0x0000000100000000)
  region size 1024K, 3 young (3072K), 3 survivors (3072K)
 Metaspace       used 129692K, committed 131904K, reserved 1179648K
  class space    used 18087K, committed 19200K, reserved 1048576K
}
Event: 30.002 GC heap before
{Heap before GC invocations=45 (full 0):
 garbage-first heap   total 217088K, used 180784K [0x0000000080000000, 0x0000000100000000)
  region size 1024K, 58 young (59392K), 3 survivors (3072K)
 Metaspace       used 135304K, committed 137664K, reserved 1179648K
  class space    used 19010K, committed 20224K, reserved 1048576K
}
Event: 30.009 GC heap after
{Heap after GC invocations=46 (full 0):
 garbage-first heap   total 217088K, used 129779K [0x0000000080000000, 0x0000000100000000)
  region size 1024K, 6 young (6144K), 6 survivors (6144K)
 Metaspace       used 135304K, committed 137664K, reserved 1179648K
  class space    used 19010K, committed 20224K, reserved 1048576K
}

