# JRE version: OpenJDK Runtime Environment (21.0.3) (build 21.0.3+-12282718-b509.11)
# Java VM: OpenJDK 64-Bit Server VM (21.0.3+-12282718-b509.11, mixed mode, tiered, compressed oops, compressed class ptrs, g1 gc, windows-amd64)
GC Precious Log:
 CardTable entry size: 512
 Card Set container configuration: InlinePtr #cards 5 size 8 Array Of Cards #cards 12 size 40 Howl #buckets 4 coarsen threshold 1843 Howl Bitmap #cards 512 size 80 coarsen threshold 460 Card regions per heap region 1 cards per card region 2048
 CPUs: 8 total, 8 available
 Memory: 7952M
 Large Page Support: Disabled
 NUMA Support: Disabled
 Compressed Oops: Enabled (32-bit)
 Heap Region Size: 1M
 Heap Min Capacity: 8M
 Heap Initial Capacity: 126M
 Heap Max Capacity: 2G
 Pre-touch: Disabled
 Parallel Workers: 8
 Concurrent Workers: 2
 Concurrent Refinement Workers: 8
 Periodic GC: Disabled
Heap:
 garbage-first heap   total 295936K, used 203164K [0x0000000080000000, 0x0000000100000000)
  region size 1024K, 46 young (47104K), 6 survivors (6144K)
 Metaspace       used 123461K, committed 125696K, reserved 1179648K
  class space    used 16677K, committed 17792K, reserved 1048576K
GC Heap History (20 events):
Event: 18.407 GC heap before
{Heap before GC invocations=37 (full 0):
 garbage-first heap   total 168960K, used 153185K [0x0000000080000000, 0x0000000100000000)
  region size 1024K, 57 young (58368K), 6 survivors (6144K)
 Metaspace       used 106002K, committed 108032K, reserved 1179648K
  class space    used 14652K, committed 15680K, reserved 1048576K
}
Event: 18.416 GC heap after
{Heap after GC invocations=38 (full 0):
 garbage-first heap   total 168960K, used 104731K [0x0000000080000000, 0x0000000100000000)
  region size 1024K, 7 young (7168K), 7 survivors (7168K)
 Metaspace       used 106002K, committed 108032K, reserved 1179648K
  class space    used 14652K, committed 15680K, reserved 1048576K
}
Event: 19.240 GC heap before
{Heap before GC invocations=39 (full 0):
 garbage-first heap   total 184320K, used 150811K [0x0000000080000000, 0x0000000100000000)
  region size 1024K, 53 young (54272K), 7 survivors (7168K)
 Metaspace       used 108743K, committed 110848K, reserved 1179648K
  class space    used 15092K, committed 16128K, reserved 1048576K
}
Event: 19.256 GC heap after
{Heap after GC invocations=40 (full 0):
 garbage-first heap   total 184320K, used 110922K [0x0000000080000000, 0x0000000100000000)
  region size 1024K, 7 young (7168K), 7 survivors (7168K)
 Metaspace       used 108743K, committed 110848K, reserved 1179648K
  class space    used 15092K, committed 16128K, reserved 1048576K
}
Event: 19.631 GC heap before
{Heap before GC invocations=40 (full 0):
 garbage-first heap   total 184320K, used 166218K [0x0000000080000000, 0x0000000100000000)
  region size 1024K, 62 young (63488K), 7 survivors (7168K)
 Metaspace       used 109048K, committed 111168K, reserved 1179648K
  class space    used 15151K, committed 16192K, reserved 1048576K
}
Event: 19.643 GC heap after
{Heap after GC invocations=41 (full 0):
 garbage-first heap   total 221184K, used 114473K [0x0000000080000000, 0x0000000100000000)
  region size 1024K, 5 young (5120K), 5 survivors (5120K)
 Metaspace       used 109048K, committed 111168K, reserved 1179648K
  class space    used 15151K, committed 16192K, reserved 1048576K
}
Event: 20.275 GC heap before
{Heap before GC invocations=41 (full 0):
 garbage-first heap   total 221184K, used 197417K [0x0000000080000000, 0x0000000100000000)
  region size 1024K, 87 young (89088K), 5 survivors (5120K)
 Metaspace       used 109483K, committed 111552K, reserved 1179648K
  class space    used 15207K, committed 16256K, reserved 1048576K
}
Event: 20.287 GC heap after
{Heap after GC invocations=42 (full 0):
 garbage-first heap   total 221184K, used 117517K [0x0000000080000000, 0x0000000100000000)
  region size 1024K, 8 young (8192K), 8 survivors (8192K)
 Metaspace       used 109483K, committed 111552K, reserved 1179648K
  class space    used 15207K, committed 16256K, reserved 1048576K
}
Event: 20.887 GC heap before
{Heap before GC invocations=42 (full 0):
 garbage-first heap   total 221184K, used 199437K [0x0000000080000000, 0x0000000100000000)
  region size 1024K, 89 young (91136K), 8 survivors (8192K)
 Metaspace       used 109662K, committed 111744K, reserved 1179648K
  class space    used 15217K, committed 16256K, reserved 1048576K
}
Event: 20.902 GC heap after
{Heap after GC invocations=43 (full 0):
 garbage-first heap   total 221184K, used 119683K [0x0000000080000000, 0x0000000100000000)
  region size 1024K, 8 young (8192K), 8 survivors (8192K)
 Metaspace       used 109662K, committed 111744K, reserved 1179648K
  class space    used 15217K, committed 16256K, reserved 1048576K
}
Event: 253.902 GC heap before
{Heap before GC invocations=43 (full 0):
 garbage-first heap   total 221184K, used 199555K [0x0000000080000000, 0x0000000100000000)
  region size 1024K, 87 young (89088K), 8 survivors (8192K)
 Metaspace       used 111171K, committed 113344K, reserved 1179648K
  class space    used 15390K, committed 16448K, reserved 1048576K
}
Event: 253.926 GC heap after
{Heap after GC invocations=44 (full 0):
 garbage-first heap   total 221184K, used 124790K [0x0000000080000000, 0x0000000100000000)
  region size 1024K, 10 young (10240K), 10 survivors (10240K)
 Metaspace       used 111171K, committed 113344K, reserved 1179648K
  class space    used 15390K, committed 16448K, reserved 1048576K
}
Event: 255.660 GC heap before
{Heap before GC invocations=45 (full 0):
 garbage-first heap   total 221184K, used 204662K [0x0000000080000000, 0x0000000100000000)
  region size 1024K, 82 young (83968K), 10 survivors (10240K)
 Metaspace       used 114334K, committed 116480K, reserved 1179648K
  class space    used 15627K, committed 16704K, reserved 1048576K
}
Event: 255.685 GC heap after
{Heap after GC invocations=46 (full 0):
 garbage-first heap   total 238592K, used 147456K [0x0000000080000000, 0x0000000100000000)
  region size 1024K, 11 young (11264K), 11 survivors (11264K)
 Metaspace       used 114334K, committed 116480K, reserved 1179648K
  class space    used 15627K, committed 16704K, reserved 1048576K
}
Event: 256.648 GC heap before
{Heap before GC invocations=46 (full 0):
 garbage-first heap   total 238592K, used 221184K [0x0000000080000000, 0x0000000100000000)
  region size 1024K, 69 young (70656K), 11 survivors (11264K)
 Metaspace       used 118560K, committed 120768K, reserved 1179648K
  class space    used 16135K, committed 17280K, reserved 1048576K
}
Event: 256.667 GC heap after
{Heap after GC invocations=47 (full 0):
 garbage-first heap   total 242688K, used 152348K [0x0000000080000000, 0x0000000100000000)
  region size 1024K, 6 young (6144K), 6 survivors (6144K)
 Metaspace       used 118560K, committed 120768K, reserved 1179648K
  class space    used 16135K, committed 17280K, reserved 1048576K
}
Event: 259.662 GC heap before
{Heap before GC invocations=47 (full 0):
 garbage-first heap   total 242688K, used 212764K [0x0000000080000000, 0x0000000100000000)
  region size 1024K, 66 young (67584K), 6 survivors (6144K)
 Metaspace       used 120838K, committed 123008K, reserved 1179648K
  class space    used 16386K, committed 17472K, reserved 1048576K
}
Event: 259.675 GC heap after
{Heap after GC invocations=48 (full 0):
 garbage-first heap   total 291840K, used 161729K [0x0000000080000000, 0x0000000100000000)
  region size 1024K, 9 young (9216K), 9 survivors (9216K)
 Metaspace       used 120838K, committed 123008K, reserved 1179648K
  class space    used 16386K, committed 17472K, reserved 1048576K
}
Event: 265.809 GC heap before
{Heap before GC invocations=49 (full 0):
 garbage-first heap   total 295936K, used 269249K [0x0000000080000000, 0x0000000100000000)
  region size 1024K, 102 young (104448K), 9 survivors (9216K)
 Metaspace       used 123228K, committed 125440K, reserved 1179648K
  class space    used 16677K, committed 17792K, reserved 1048576K
}
Event: 265.822 GC heap after
{Heap after GC invocations=50 (full 0):
 garbage-first heap   total 295936K, used 163228K [0x0000000080000000, 0x0000000100000000)
  region size 1024K, 6 young (6144K), 6 survivors (6144K)
 Metaspace       used 123228K, committed 125440K, reserved 1179648K
  class space    used 16677K, committed 17792K, reserved 1048576K
}

